#
# There is insufficient memory for the Java Runtime Environment to continue.
# Native memory allocation (malloc) failed to allocate 1882193920 bytes for committing reserved memory.
# Possible reasons:
#   The system is out of physical RAM or swap space
#   In 32 bit mode, the process size limit was hit
# Possible solutions:
#   Reduce memory load on the system
#   Increase physical memory or swap space
#   Check if swap backing store is full
#   Use 64 bit Java on a 64 bit OS
#   Decrease Java heap size (-Xmx/-Xms)
#   Decrease number of Java threads
#   Decrease Java thread stack sizes (-Xss)
#   Set larger code cache with -XX:ReservedCodeCacheSize=
# This output file may be truncated or incomplete.
#
#  Out of Memory Error (os_linux.cpp:2809), pid=31796, tid=140607856629504
#
# JRE version:  (7.0_79-b14) (build )
# Java VM: OpenJDK 64-Bit Server VM (24.79-b02 mixed mode linux-amd64 compressed oops)
# Derivative: IcedTea 2.5.6
# Distribution: Ubuntu 14.04 LTS, package 7u79-2.5.6-0ubuntu1.14.04.1
# Failed to write core dump. Core dumps have been disabled. To enable core dumping, try "ulimit -c unlimited" before starting Java again
#

---------------  T H R E A D  ---------------

Current thread (0x00007fe1c800a000):  JavaThread "Unknown thread" [_thread_in_vm, id=31798, stack(0x00007fe1d154d000,0x00007fe1d158e000)]

Stack: [0x00007fe1d154d000,0x00007fe1d158e000],  sp=0x00007fe1d158c3d0,  free space=252k
Native frames: (J=compiled Java code, j=interpreted, Vv=VM code, C=native code)
V  [libjvm.so+0x94afd5]  VMError::report_and_die()+0x175
V  [libjvm.so+0x48b9f4]  report_vm_out_of_memory(char const*, int, unsigned long, char const*)+0x74
V  [libjvm.so+0x7c809b]  os::pd_commit_memory(char*, unsigned long, unsigned long, bool)+0xeb
V  [libjvm.so+0x7c2b3f]  os::commit_memory(char*, unsigned long, unsigned long, bool)+0x1f
V  [libjvm.so+0x947ec4]  VirtualSpace::expand_by(unsigned long, bool)+0x1c4
V  [libjvm.so+0x5624bb]  CardGeneration::CardGeneration(ReservedSpace, unsigned long, int, GenRemSet*)+0x11b
V  [libjvm.so+0x45e6ad]  ConcurrentMarkSweepGeneration::ConcurrentMarkSweepGeneration(ReservedSpace, unsigned long, int, CardTableRS*, bool, FreeBlockDictionary<FreeChunk>::DictionaryChoice)+0x5d
V  [libjvm.so+0x5630b9]  GenerationSpec::init(ReservedSpace, int, GenRemSet*)+0x239
V  [libjvm.so+0x5551c2]  GenCollectedHeap::initialize()+0x312
V  [libjvm.so+0x91ba47]  Universe::initialize_heap()+0xc7
V  [libjvm.so+0x91bd77]  universe_init()+0x67
V  [libjvm.so+0x59d2d5]  init_globals()+0x55
V  [libjvm.so+0x8fe75f]  Threads::create_vm(JavaVMInitArgs*, bool*)+0x35f
V  [libjvm.so+0x608654]  JNI_CreateJavaVM+0x54
C  [libjli.so+0x2b48]


---------------  P R O C E S S  ---------------

Java Threads: ( => current thread )

Other Threads:

=>0x00007fe1c800a000 (exited) JavaThread "Unknown thread" [_thread_in_vm, id=31798, stack(0x00007fe1d154d000,0x00007fe1d158e000)]

VM state:not at safepoint (not fully initialized)

VM Mutex/Monitor currently owned by a thread: None

GC Heap History (0 events):
No events

Deoptimization events (0 events):
No events

Internal exceptions (0 events):
No events

Events (0 events):
No events


Dynamic libraries:
00400000-00401000 r-xp 00000000 ca:01 13863                              /usr/lib/jvm/java-7-openjdk-amd64/jre/bin/java
00600000-00601000 r--p 00000000 ca:01 13863                              /usr/lib/jvm/java-7-openjdk-amd64/jre/bin/java
00601000-00602000 rw-p 00001000 ca:01 13863                              /usr/lib/jvm/java-7-openjdk-amd64/jre/bin/java
00e31000-00e52000 rw-p 00000000 00:00 0                                  [heap]
778e00000-785600000 rw-p 00000000 00:00 0 
7f5900000-800000000 rw-p 00000000 00:00 0 
7fe1b8000000-7fe1b8021000 rw-p 00000000 00:00 0 
7fe1b8021000-7fe1bc000000 ---p 00000000 00:00 0 
7fe1c0000000-7fe1c0021000 rw-p 00000000 00:00 0 
7fe1c0021000-7fe1c4000000 ---p 00000000 00:00 0 
7fe1c5000000-7fe1c5270000 rwxp 00000000 00:00 0 
7fe1c5270000-7fe1c8029000 rw-p 00000000 00:00 0 
7fe1c8029000-7fe1cc000000 ---p 00000000 00:00 0 
7fe1cdd52000-7fe1ce119000 rw-p 00000000 00:00 0 
7fe1ce119000-7fe1ce4ee000 rw-p 00000000 00:00 0 
7fe1ce4ee000-7fe1ce4ef000 rw-p 00000000 00:00 0 
7fe1ce4ef000-7fe1ce4f0000 ---p 00000000 00:00 0 
7fe1ce4f0000-7fe1ce5f0000 rw-p 00000000 00:00 0                          [stack:31800]
7fe1ce5f0000-7fe1ce5f1000 ---p 00000000 00:00 0 
7fe1ce5f1000-7fe1ce6f1000 rw-p 00000000 00:00 0                          [stack:31799]
7fe1ce6f1000-7fe1ce6f9000 r-xp 00000000 ca:01 143244                     /usr/lib/jvm/java-7-openjdk-amd64/jre/lib/amd64/libzip.so
7fe1ce6f9000-7fe1ce8f8000 ---p 00008000 ca:01 143244                     /usr/lib/jvm/java-7-openjdk-amd64/jre/lib/amd64/libzip.so
7fe1ce8f8000-7fe1ce8f9000 r--p 00007000 ca:01 143244                     /usr/lib/jvm/java-7-openjdk-amd64/jre/lib/amd64/libzip.so
7fe1ce8f9000-7fe1ce8fa000 rw-p 00008000 ca:01 143244                     /usr/lib/jvm/java-7-openjdk-amd64/jre/lib/amd64/libzip.so
7fe1ce8fa000-7fe1ce904000 r-xp 00000000 ca:01 143274                     /usr/lib/jvm/java-7-openjdk-amd64/jre/lib/amd64/libinstrument.so
7fe1ce904000-7fe1ceb03000 ---p 0000a000 ca:01 143274                     /usr/lib/jvm/java-7-openjdk-amd64/jre/lib/amd64/libinstrument.so
7fe1ceb03000-7fe1ceb04000 r--p 00009000 ca:01 143274                     /usr/lib/jvm/java-7-openjdk-amd64/jre/lib/amd64/libinstrument.so
7fe1ceb04000-7fe1ceb05000 rw-p 0000a000 ca:01 143274                     /usr/lib/jvm/java-7-openjdk-amd64/jre/lib/amd64/libinstrument.so
7fe1ceb05000-7fe1ceb30000 r-xp 00000000 ca:01 143298                     /usr/lib/jvm/java-7-openjdk-amd64/jre/lib/amd64/libjava.so
7fe1ceb30000-7fe1ced2f000 ---p 0002b000 ca:01 143298                     /usr/lib/jvm/java-7-openjdk-amd64/jre/lib/amd64/libjava.so
7fe1ced2f000-7fe1ced30000 r--p 0002a000 ca:01 143298                     /usr/lib/jvm/java-7-openjdk-amd64/jre/lib/amd64/libjava.so
7fe1ced30000-7fe1ced32000 rw-p 0002b000 ca:01 143298                     /usr/lib/jvm/java-7-openjdk-amd64/jre/lib/amd64/libjava.so
7fe1ced32000-7fe1ced42000 r-xp 00000000 ca:01 143262                     /usr/lib/jvm/java-7-openjdk-amd64/jre/lib/amd64/libverify.so
7fe1ced42000-7fe1cef41000 ---p 00010000 ca:01 143262                     /usr/lib/jvm/java-7-openjdk-amd64/jre/lib/amd64/libverify.so
7fe1cef41000-7fe1cef43000 r--p 0000f000 ca:01 143262                     /usr/lib/jvm/java-7-openjdk-amd64/jre/lib/amd64/libverify.so
7fe1cef43000-7fe1cef44000 rw-p 00011000 ca:01 143262                     /usr/lib/jvm/java-7-openjdk-amd64/jre/lib/amd64/libverify.so
7fe1cef44000-7fe1cef4b000 r-xp 00000000 ca:01 396096                     /lib/x86_64-linux-gnu/librt-2.19.so
7fe1cef4b000-7fe1cf14a000 ---p 00007000 ca:01 396096                     /lib/x86_64-linux-gnu/librt-2.19.so
7fe1cf14a000-7fe1cf14b000 r--p 00006000 ca:01 396096                     /lib/x86_64-linux-gnu/librt-2.19.so
7fe1cf14b000-7fe1cf14c000 rw-p 00007000 ca:01 396096                     /lib/x86_64-linux-gnu/librt-2.19.so
7fe1cf14c000-7fe1cf162000 r-xp 00000000 ca:01 396054                     /lib/x86_64-linux-gnu/libgcc_s.so.1
7fe1cf162000-7fe1cf361000 ---p 00016000 ca:01 396054                     /lib/x86_64-linux-gnu/libgcc_s.so.1
7fe1cf361000-7fe1cf362000 rw-p 00015000 ca:01 396054                     /lib/x86_64-linux-gnu/libgcc_s.so.1
7fe1cf362000-7fe1cf467000 r-xp 00000000 ca:01 396063                     /lib/x86_64-linux-gnu/libm-2.19.so
7fe1cf467000-7fe1cf666000 ---p 00105000 ca:01 396063                     /lib/x86_64-linux-gnu/libm-2.19.so
7fe1cf666000-7fe1cf667000 r--p 00104000 ca:01 396063                     /lib/x86_64-linux-gnu/libm-2.19.so
7fe1cf667000-7fe1cf668000 rw-p 00105000 ca:01 396063                     /lib/x86_64-linux-gnu/libm-2.19.so
7fe1cf668000-7fe1cf74e000 r-xp 00000000 ca:01 26072                      /usr/lib/x86_64-linux-gnu/libstdc++.so.6.0.19
7fe1cf74e000-7fe1cf94d000 ---p 000e6000 ca:01 26072                      /usr/lib/x86_64-linux-gnu/libstdc++.so.6.0.19
7fe1cf94d000-7fe1cf955000 r--p 000e5000 ca:01 26072                      /usr/lib/x86_64-linux-gnu/libstdc++.so.6.0.19
7fe1cf955000-7fe1cf957000 rw-p 000ed000 ca:01 26072                      /usr/lib/x86_64-linux-gnu/libstdc++.so.6.0.19
7fe1cf957000-7fe1cf96c000 rw-p 00000000 00:00 0 
7fe1cf96c000-7fe1d0485000 r-xp 00000000 ca:01 143250                     /usr/lib/jvm/java-7-openjdk-amd64/jre/lib/amd64/server/libjvm.so
7fe1d0485000-7fe1d0685000 ---p 00b19000 ca:01 143250                     /usr/lib/jvm/java-7-openjdk-amd64/jre/lib/amd64/server/libjvm.so
7fe1d0685000-7fe1d071f000 r--p 00b19000 ca:01 143250                     /usr/lib/jvm/java-7-openjdk-amd64/jre/lib/amd64/server/libjvm.so
7fe1d071f000-7fe1d0742000 rw-p 00bb3000 ca:01 143250                     /usr/lib/jvm/java-7-openjdk-amd64/jre/lib/amd64/server/libjvm.so
7fe1d0742000-7fe1d0770000 rw-p 00000000 00:00 0 
7fe1d0770000-7fe1d0788000 r-xp 00000000 ca:01 396113                     /lib/x86_64-linux-gnu/libz.so.1.2.8
7fe1d0788000-7fe1d0987000 ---p 00018000 ca:01 396113                     /lib/x86_64-linux-gnu/libz.so.1.2.8
7fe1d0987000-7fe1d0988000 r--p 00017000 ca:01 396113                     /lib/x86_64-linux-gnu/libz.so.1.2.8
7fe1d0988000-7fe1d0989000 rw-p 00018000 ca:01 396113                     /lib/x86_64-linux-gnu/libz.so.1.2.8
7fe1d0989000-7fe1d09a2000 r-xp 00000000 ca:01 396093                     /lib/x86_64-linux-gnu/libpthread-2.19.so
7fe1d09a2000-7fe1d0ba1000 ---p 00019000 ca:01 396093                     /lib/x86_64-linux-gnu/libpthread-2.19.so
7fe1d0ba1000-7fe1d0ba2000 r--p 00018000 ca:01 396093                     /lib/x86_64-linux-gnu/libpthread-2.19.so
7fe1d0ba2000-7fe1d0ba3000 rw-p 00019000 ca:01 396093                     /lib/x86_64-linux-gnu/libpthread-2.19.so
7fe1d0ba3000-7fe1d0ba7000 rw-p 00000000 00:00 0 
7fe1d0ba7000-7fe1d0baa000 r-xp 00000000 ca:01 396049                     /lib/x86_64-linux-gnu/libdl-2.19.so
7fe1d0baa000-7fe1d0da9000 ---p 00003000 ca:01 396049                     /lib/x86_64-linux-gnu/libdl-2.19.so
7fe1d0da9000-7fe1d0daa000 r--p 00002000 ca:01 396049                     /lib/x86_64-linux-gnu/libdl-2.19.so
7fe1d0daa000-7fe1d0dab000 rw-p 00003000 ca:01 396049                     /lib/x86_64-linux-gnu/libdl-2.19.so
7fe1d0dab000-7fe1d0f66000 r-xp 00000000 ca:01 396040                     /lib/x86_64-linux-gnu/libc-2.19.so
7fe1d0f66000-7fe1d1165000 ---p 001bb000 ca:01 396040                     /lib/x86_64-linux-gnu/libc-2.19.so
7fe1d1165000-7fe1d1169000 r--p 001ba000 ca:01 396040                     /lib/x86_64-linux-gnu/libc-2.19.so
7fe1d1169000-7fe1d116b000 rw-p 001be000 ca:01 396040                     /lib/x86_64-linux-gnu/libc-2.19.so
7fe1d116b000-7fe1d1170000 rw-p 00000000 00:00 0 
7fe1d1170000-7fe1d117d000 r-xp 00000000 ca:01 143247                     /usr/lib/jvm/java-7-openjdk-amd64/jre/lib/amd64/jli/libjli.so
7fe1d117d000-7fe1d137c000 ---p 0000d000 ca:01 143247                     /usr/lib/jvm/java-7-openjdk-amd64/jre/lib/amd64/jli/libjli.so
7fe1d137c000-7fe1d137d000 r--p 0000c000 ca:01 143247                     /usr/lib/jvm/java-7-openjdk-amd64/jre/lib/amd64/jli/libjli.so
7fe1d137d000-7fe1d137e000 rw-p 0000d000 ca:01 143247                     /usr/lib/jvm/java-7-openjdk-amd64/jre/lib/amd64/jli/libjli.so
7fe1d137e000-7fe1d13a1000 r-xp 00000000 ca:01 396030                     /lib/x86_64-linux-gnu/ld-2.19.so
7fe1d13ac000-7fe1d148f000 rw-p 00000000 00:00 0 
7fe1d148f000-7fe1d1545000 rw-p 00000000 00:00 0 
7fe1d1545000-7fe1d154d000 rw-p 00000000 00:00 0 
7fe1d154d000-7fe1d1550000 ---p 00000000 00:00 0 
7fe1d1550000-7fe1d1593000 rw-p 00000000 00:00 0                          [stack:31798]
7fe1d1598000-7fe1d159b000 rw-p 00000000 00:00 0 
7fe1d159b000-7fe1d159c000 r--p 00000000 00:00 0 
7fe1d159c000-7fe1d159e000 rw-p 00000000 00:00 0 
7fe1d159e000-7fe1d15a0000 r-xp 00000000 00:00 0                          [vdso]
7fe1d15a0000-7fe1d15a1000 r--p 00022000 ca:01 396030                     /lib/x86_64-linux-gnu/ld-2.19.so
7fe1d15a1000-7fe1d15a2000 rw-p 00023000 ca:01 396030                     /lib/x86_64-linux-gnu/ld-2.19.so
7fe1d15a2000-7fe1d15a3000 rw-p 00000000 00:00 0 
7fff89dd7000-7fff89df9000 rw-p 00000000 00:00 0                          [stack]
ffffffffff600000-ffffffffff601000 r-xp 00000000 00:00 0                  [vsyscall]

VM Arguments:
jvm_args: -ea -javaagent:/usr/local/cassandra/lib/jamm-0.3.0.jar -XX:+CMSClassUnloadingEnabled -XX:+UseThreadPriorities -XX:ThreadPriorityPolicy=42 -Xms1995M -Xmx1995M -Xmn200M -XX:+HeapDumpOnOutOfMemoryError -Xss256k -XX:StringTableSize=1000003 -XX:+UseParNewGC -XX:+UseConcMarkSweepGC -XX:+CMSParallelRemarkEnabled -XX:SurvivorRatio=8 -XX:MaxTenuringThreshold=1 -XX:CMSInitiatingOccupancyFraction=75 -XX:+UseCMSInitiatingOccupancyOnly -XX:+UseTLAB -XX:+PerfDisableSharedMem -XX:CompileCommandFile=/usr/local/cassandra/conf/hotspot_compiler -XX:CMSWaitDuration=10000 -XX:+CMSParallelInitialMarkEnabled -XX:+CMSEdenChunksRecordAlways -XX:CMSWaitDuration=10000 -XX:+UseCondCardMark -Djava.net.preferIPv4Stack=true -Dcassandra.jmx.local.port=7199 -XX:+DisableExplicitGC -Djava.library.path=/usr/local/cassandra/lib/sigar-bin 
java_command: <unknown>
Launcher Type: SUN_STANDARD

Environment Variables:
JAVA_HOME=/usr
PATH=/usr/local/sbin:/usr/local/bin:/usr/sbin:/usr/bin:/sbin:/bin:/usr/games:/usr/local/games:/usr/bin:/usr/local/hadoop/bin:/usr/local/spark/bin:/usr/local/cassandra/bin:/usr/local/elasticsearch/bin:/usr/local/storm/bin:/usr/local/hbase/bin
SHELL=/bin/bash
DISPLAY=localhost:10.0

Signal Handlers:
SIGSEGV: [libjvm.so+0x94bab0], sa_mask[0]=0x7ffbfeff, sa_flags=0x10000004
SIGBUS: [libjvm.so+0x94bab0], sa_mask[0]=0x7ffbfeff, sa_flags=0x10000004
SIGFPE: [libjvm.so+0x7c38b0], sa_mask[0]=0x7ffbfeff, sa_flags=0x10000004
SIGPIPE: [libjvm.so+0x7c38b0], sa_mask[0]=0x7ffbfeff, sa_flags=0x10000004
SIGXFSZ: [libjvm.so+0x7c38b0], sa_mask[0]=0x7ffbfeff, sa_flags=0x10000004
SIGILL: [libjvm.so+0x7c38b0], sa_mask[0]=0x7ffbfeff, sa_flags=0x10000004
SIGUSR1: SIG_DFL, sa_mask[0]=0x00000000, sa_flags=0x00000000
SIGUSR2: [libjvm.so+0x7c3750], sa_mask[0]=0x00000000, sa_flags=0x10000004
SIGHUP: SIG_DFL, sa_mask[0]=0x00000000, sa_flags=0x00000000
SIGINT: SIG_DFL, sa_mask[0]=0x00000000, sa_flags=0x00000000
SIGTERM: SIG_DFL, sa_mask[0]=0x00000000, sa_flags=0x00000000
SIGQUIT: SIG_DFL, sa_mask[0]=0x00000000, sa_flags=0x00000000
SIGTRAP: SIG_DFL, sa_mask[0]=0x00000000, sa_flags=0x00000000


---------------  S Y S T E M  ---------------

OS:Ubuntu 14.04 (trusty)
uname:Linux 3.13.0-48-generic #80-Ubuntu SMP Thu Mar 12 11:16:15 UTC 2015 x86_64
libc:glibc 2.19 NPTL 2.19 
rlimit: STACK 8192k, CORE 0k, NPROC 63794, NOFILE 4096, AS infinity
load average:1.18 1.34 0.73

/proc/meminfo:
MemTotal:        8175600 kB
MemFree:          205052 kB
Buffers:           72772 kB
Cached:          1519668 kB
SwapCached:            0 kB
Active:          6778172 kB
Inactive:         980404 kB
Active(anon):    6166220 kB
Inactive(anon):      340 kB
Active(file):     611952 kB
Inactive(file):   980064 kB
Unevictable:           0 kB
Mlocked:               0 kB
SwapTotal:             0 kB
SwapFree:              0 kB
Dirty:               244 kB
Writeback:             0 kB
AnonPages:       6166148 kB
Mapped:           119688 kB
Shmem:               424 kB
Slab:             107148 kB
SReclaimable:      82800 kB
SUnreclaim:        24348 kB
KernelStack:        7304 kB
PageTables:        21228 kB
NFS_Unstable:          0 kB
Bounce:                0 kB
WritebackTmp:          0 kB
CommitLimit:     4087800 kB
Committed_AS:    8964512 kB
VmallocTotal:   34359738367 kB
VmallocUsed:       18284 kB
VmallocChunk:   34359713740 kB
HardwareCorrupted:     0 kB
AnonHugePages:   4802560 kB
HugePages_Total:       0
HugePages_Free:        0
HugePages_Rsvd:        0
HugePages_Surp:        0
Hugepagesize:       2048 kB
DirectMap4k:       67584 kB
DirectMap2M:     8452096 kB


CPU:total 2 (1 cores per cpu, 2 threads per core) family 6 model 63 stepping 2, cmov, cx8, fxsr, mmx, sse, sse2, sse3, ssse3, sse4.1, sse4.2, popcnt, avx, avx2, aes, erms, ht, tsc

/proc/cpuinfo:
processor	: 0
vendor_id	: GenuineIntel
cpu family	: 6
model		: 63
model name	: Intel(R) Xeon(R) CPU E5-2676 v3 @ 2.40GHz
stepping	: 2
microcode	: 0x25
cpu MHz		: 2400.064
cache size	: 30720 KB
physical id	: 0
siblings	: 2
core id		: 0
cpu cores	: 1
apicid		: 0
initial apicid	: 0
fpu		: yes
fpu_exception	: yes
cpuid level	: 13
wp		: yes
flags		: fpu vme de pse tsc msr pae mce cx8 apic sep mtrr pge mca cmov pat pse36 clflush mmx fxsr sse sse2 ht syscall nx rdtscp lm constant_tsc rep_good nopl xtopology eagerfpu pni pclmulqdq ssse3 fma cx16 pcid sse4_1 sse4_2 x2apic movbe popcnt tsc_deadline_timer aes xsave avx f16c rdrand hypervisor lahf_lm abm xsaveopt fsgsbase bmi1 avx2 smep bmi2 erms invpcid
bogomips	: 4800.12
clflush size	: 64
cache_alignment	: 64
address sizes	: 46 bits physical, 48 bits virtual
power management:

processor	: 1
vendor_id	: GenuineIntel
cpu family	: 6
model		: 63
model name	: Intel(R) Xeon(R) CPU E5-2676 v3 @ 2.40GHz
stepping	: 2
microcode	: 0x25
cpu MHz		: 2400.064
cache size	: 30720 KB
physical id	: 0
siblings	: 2
core id		: 0
cpu cores	: 1
apicid		: 1
initial apicid	: 1
fpu		: yes
fpu_exception	: yes
cpuid level	: 13
wp		: yes
flags		: fpu vme de pse tsc msr pae mce cx8 apic sep mtrr pge mca cmov pat pse36 clflush mmx fxsr sse sse2 ht syscall nx rdtscp lm constant_tsc rep_good nopl xtopology eagerfpu pni pclmulqdq ssse3 fma cx16 pcid sse4_1 sse4_2 x2apic movbe popcnt tsc_deadline_timer aes xsave avx f16c rdrand hypervisor lahf_lm abm xsaveopt fsgsbase bmi1 avx2 smep bmi2 erms invpcid
bogomips	: 4800.12
clflush size	: 64
cache_alignment	: 64
address sizes	: 46 bits physical, 48 bits virtual
power management:



Memory: 4k page, physical 8175600k(205052k free), swap 0k(0k free)

vm_info: OpenJDK 64-Bit Server VM (24.79-b02) for linux-amd64 JRE (1.7.0_79-b14), built on Jul 24 2015 08:15:54 by "buildd" with gcc 4.8.2

time: Sat Oct  3 18:20:55 2015
elapsed time: 0 seconds

