#
# There is insufficient memory for the Java Runtime Environment to continue.
# Native memory allocation (malloc) failed to allocate 1882193920 bytes for committing reserved memory.
# Possible reasons:
#   The system is out of physical RAM or swap space
#   In 32 bit mode, the process size limit was hit
# Possible solutions:
#   Reduce memory load on the system
#   Increase physical memory or swap space
#   Check if swap backing store is full
#   Use 64 bit Java on a 64 bit OS
#   Decrease Java heap size (-Xmx/-Xms)
#   Decrease number of Java threads
#   Decrease Java thread stack sizes (-Xss)
#   Set larger code cache with -XX:ReservedCodeCacheSize=
# This output file may be truncated or incomplete.
#
#  Out of Memory Error (os_linux.cpp:2809), pid=31801, tid=140178814961408
#
# JRE version:  (7.0_79-b14) (build )
# Java VM: OpenJDK 64-Bit Server VM (24.79-b02 mixed mode linux-amd64 compressed oops)
# Derivative: IcedTea 2.5.6
# Distribution: Ubuntu 14.04 LTS, package 7u79-2.5.6-0ubuntu1.14.04.1
# Failed to write core dump. Core dumps have been disabled. To enable core dumping, try "ulimit -c unlimited" before starting Java again
#

---------------  T H R E A D  ---------------

Current thread (0x00007f7de400a800):  JavaThread "Unknown thread" [_thread_in_vm, id=31802, stack(0x00007f7dec748000,0x00007f7dec789000)]

Stack: [0x00007f7dec748000,0x00007f7dec789000],  sp=0x00007f7dec7873d0,  free space=252k
Native frames: (J=compiled Java code, j=interpreted, Vv=VM code, C=native code)
V  [libjvm.so+0x94afd5]  VMError::report_and_die()+0x175
V  [libjvm.so+0x48b9f4]  report_vm_out_of_memory(char const*, int, unsigned long, char const*)+0x74
V  [libjvm.so+0x7c809b]  os::pd_commit_memory(char*, unsigned long, unsigned long, bool)+0xeb
V  [libjvm.so+0x7c2b3f]  os::commit_memory(char*, unsigned long, unsigned long, bool)+0x1f
V  [libjvm.so+0x947ec4]  VirtualSpace::expand_by(unsigned long, bool)+0x1c4
V  [libjvm.so+0x5624bb]  CardGeneration::CardGeneration(ReservedSpace, unsigned long, int, GenRemSet*)+0x11b
V  [libjvm.so+0x45e6ad]  ConcurrentMarkSweepGeneration::ConcurrentMarkSweepGeneration(ReservedSpace, unsigned long, int, CardTableRS*, bool, FreeBlockDictionary<FreeChunk>::DictionaryChoice)+0x5d
V  [libjvm.so+0x5630b9]  GenerationSpec::init(ReservedSpace, int, GenRemSet*)+0x239
V  [libjvm.so+0x5551c2]  GenCollectedHeap::initialize()+0x312
V  [libjvm.so+0x91ba47]  Universe::initialize_heap()+0xc7
V  [libjvm.so+0x91bd77]  universe_init()+0x67
V  [libjvm.so+0x59d2d5]  init_globals()+0x55
V  [libjvm.so+0x8fe75f]  Threads::create_vm(JavaVMInitArgs*, bool*)+0x35f
V  [libjvm.so+0x608654]  JNI_CreateJavaVM+0x54
C  [libjli.so+0x2b48]


---------------  P R O C E S S  ---------------

Java Threads: ( => current thread )

Other Threads:

=>0x00007f7de400a800 (exited) JavaThread "Unknown thread" [_thread_in_vm, id=31802, stack(0x00007f7dec748000,0x00007f7dec789000)]

VM state:not at safepoint (not fully initialized)

VM Mutex/Monitor currently owned by a thread: None

GC Heap History (0 events):
No events

Deoptimization events (0 events):
No events

Internal exceptions (0 events):
No events

Events (0 events):
No events


Dynamic libraries:
00400000-00401000 r-xp 00000000 ca:01 13863                              /usr/lib/jvm/java-7-openjdk-amd64/jre/bin/java
00600000-00601000 r--p 00000000 ca:01 13863                              /usr/lib/jvm/java-7-openjdk-amd64/jre/bin/java
00601000-00602000 rw-p 00001000 ca:01 13863                              /usr/lib/jvm/java-7-openjdk-amd64/jre/bin/java
009bb000-009dc000 rw-p 00000000 00:00 0                                  [heap]
778e00000-785600000 rw-p 00000000 00:00 0 
7f5900000-800000000 rw-p 00000000 00:00 0 
7f7ddc000000-7f7ddc021000 rw-p 00000000 00:00 0 
7f7ddc021000-7f7de0000000 ---p 00000000 00:00 0 
7f7de1000000-7f7de1270000 rwxp 00000000 00:00 0 
7f7de1270000-7f7de4029000 rw-p 00000000 00:00 0 
7f7de4029000-7f7de8000000 ---p 00000000 00:00 0 
7f7de8f4b000-7f7de9312000 rw-p 00000000 00:00 0 
7f7de9312000-7f7de96e7000 rw-p 00000000 00:00 0 
7f7de96e7000-7f7de96e8000 rw-p 00000000 00:00 0 
7f7de96e8000-7f7de96e9000 ---p 00000000 00:00 0 
7f7de96e9000-7f7de97e9000 rw-p 00000000 00:00 0                          [stack:31804]
7f7de97e9000-7f7de97ea000 ---p 00000000 00:00 0 
7f7de97ea000-7f7de98ea000 rw-p 00000000 00:00 0                          [stack:31803]
7f7de98ea000-7f7de98f2000 r-xp 00000000 ca:01 143244                     /usr/lib/jvm/java-7-openjdk-amd64/jre/lib/amd64/libzip.so
7f7de98f2000-7f7de9af1000 ---p 00008000 ca:01 143244                     /usr/lib/jvm/java-7-openjdk-amd64/jre/lib/amd64/libzip.so
7f7de9af1000-7f7de9af2000 r--p 00007000 ca:01 143244                     /usr/lib/jvm/java-7-openjdk-amd64/jre/lib/amd64/libzip.so
7f7de9af2000-7f7de9af3000 rw-p 00008000 ca:01 143244                     /usr/lib/jvm/java-7-openjdk-amd64/jre/lib/amd64/libzip.so
7f7de9af3000-7f7de9afd000 r-xp 00000000 ca:01 143274                     /usr/lib/jvm/java-7-openjdk-amd64/jre/lib/amd64/libinstrument.so
7f7de9afd000-7f7de9cfc000 ---p 0000a000 ca:01 143274                     /usr/lib/jvm/java-7-openjdk-amd64/jre/lib/amd64/libinstrument.so
7f7de9cfc000-7f7de9cfd000 r--p 00009000 ca:01 143274                     /usr/lib/jvm/java-7-openjdk-amd64/jre/lib/amd64/libinstrument.so
7f7de9cfd000-7f7de9cfe000 rw-p 0000a000 ca:01 143274                     /usr/lib/jvm/java-7-openjdk-amd64/jre/lib/amd64/libinstrument.so
7f7de9cfe000-7f7de9d29000 r-xp 00000000 ca:01 143298                     /usr/lib/jvm/java-7-openjdk-amd64/jre/lib/amd64/libjava.so
7f7de9d29000-7f7de9f28000 ---p 0002b000 ca:01 143298                     /usr/lib/jvm/java-7-openjdk-amd64/jre/lib/amd64/libjava.so
7f7de9f28000-7f7de9f29000 r--p 0002a000 ca:01 143298                     /usr/lib/jvm/java-7-openjdk-amd64/jre/lib/amd64/libjava.so
7f7de9f29000-7f7de9f2b000 rw-p 0002b000 ca:01 143298                     /usr/lib/jvm/java-7-openjdk-amd64/jre/lib/amd64/libjava.so
7f7de9f2b000-7f7de9f3b000 r-xp 00000000 ca:01 143262                     /usr/lib/jvm/java-7-openjdk-amd64/jre/lib/amd64/libverify.so
7f7de9f3b000-7f7dea13a000 ---p 00010000 ca:01 143262                     /usr/lib/jvm/java-7-openjdk-amd64/jre/lib/amd64/libverify.so
7f7dea13a000-7f7dea13c000 r--p 0000f000 ca:01 143262                     /usr/lib/jvm/java-7-openjdk-amd64/jre/lib/amd64/libverify.so
7f7dea13c000-7f7dea13d000 rw-p 00011000 ca:01 143262                     /usr/lib/jvm/java-7-openjdk-amd64/jre/lib/amd64/libverify.so
7f7dea13d000-7f7dea144000 r-xp 00000000 ca:01 396096                     /lib/x86_64-linux-gnu/librt-2.19.so
7f7dea144000-7f7dea343000 ---p 00007000 ca:01 396096                     /lib/x86_64-linux-gnu/librt-2.19.so
7f7dea343000-7f7dea344000 r--p 00006000 ca:01 396096                     /lib/x86_64-linux-gnu/librt-2.19.so
7f7dea344000-7f7dea345000 rw-p 00007000 ca:01 396096                     /lib/x86_64-linux-gnu/librt-2.19.so
7f7dea345000-7f7dea35b000 r-xp 00000000 ca:01 396054                     /lib/x86_64-linux-gnu/libgcc_s.so.1
7f7dea35b000-7f7dea55a000 ---p 00016000 ca:01 396054                     /lib/x86_64-linux-gnu/libgcc_s.so.1
7f7dea55a000-7f7dea55b000 rw-p 00015000 ca:01 396054                     /lib/x86_64-linux-gnu/libgcc_s.so.1
7f7dea55b000-7f7dea660000 r-xp 00000000 ca:01 396063                     /lib/x86_64-linux-gnu/libm-2.19.so
7f7dea660000-7f7dea85f000 ---p 00105000 ca:01 396063                     /lib/x86_64-linux-gnu/libm-2.19.so
7f7dea85f000-7f7dea860000 r--p 00104000 ca:01 396063                     /lib/x86_64-linux-gnu/libm-2.19.so
7f7dea860000-7f7dea861000 rw-p 00105000 ca:01 396063                     /lib/x86_64-linux-gnu/libm-2.19.so
7f7dea861000-7f7dea947000 r-xp 00000000 ca:01 26072                      /usr/lib/x86_64-linux-gnu/libstdc++.so.6.0.19
7f7dea947000-7f7deab46000 ---p 000e6000 ca:01 26072                      /usr/lib/x86_64-linux-gnu/libstdc++.so.6.0.19
7f7deab46000-7f7deab4e000 r--p 000e5000 ca:01 26072                      /usr/lib/x86_64-linux-gnu/libstdc++.so.6.0.19
7f7deab4e000-7f7deab50000 rw-p 000ed000 ca:01 26072                      /usr/lib/x86_64-linux-gnu/libstdc++.so.6.0.19
7f7deab50000-7f7deab65000 rw-p 00000000 00:00 0 
7f7deab65000-7f7deb67e000 r-xp 00000000 ca:01 143250                     /usr/lib/jvm/java-7-openjdk-amd64/jre/lib/amd64/server/libjvm.so
7f7deb67e000-7f7deb87e000 ---p 00b19000 ca:01 143250                     /usr/lib/jvm/java-7-openjdk-amd64/jre/lib/amd64/server/libjvm.so
7f7deb87e000-7f7deb918000 r--p 00b19000 ca:01 143250                     /usr/lib/jvm/java-7-openjdk-amd64/jre/lib/amd64/server/libjvm.so
7f7deb918000-7f7deb93b000 rw-p 00bb3000 ca:01 143250                     /usr/lib/jvm/java-7-openjdk-amd64/jre/lib/amd64/server/libjvm.so
7f7deb93b000-7f7deb969000 rw-p 00000000 00:00 0 
7f7deb969000-7f7deb981000 r-xp 00000000 ca:01 396113                     /lib/x86_64-linux-gnu/libz.so.1.2.8
7f7deb981000-7f7debb80000 ---p 00018000 ca:01 396113                     /lib/x86_64-linux-gnu/libz.so.1.2.8
7f7debb80000-7f7debb81000 r--p 00017000 ca:01 396113                     /lib/x86_64-linux-gnu/libz.so.1.2.8
7f7debb81000-7f7debb82000 rw-p 00018000 ca:01 396113                     /lib/x86_64-linux-gnu/libz.so.1.2.8
7f7debb82000-7f7debb9b000 r-xp 00000000 ca:01 396093                     /lib/x86_64-linux-gnu/libpthread-2.19.so
7f7debb9b000-7f7debd9a000 ---p 00019000 ca:01 396093                     /lib/x86_64-linux-gnu/libpthread-2.19.so
7f7debd9a000-7f7debd9b000 r--p 00018000 ca:01 396093                     /lib/x86_64-linux-gnu/libpthread-2.19.so
7f7debd9b000-7f7debd9c000 rw-p 00019000 ca:01 396093                     /lib/x86_64-linux-gnu/libpthread-2.19.so
7f7debd9c000-7f7debda0000 rw-p 00000000 00:00 0 
7f7debda0000-7f7debda3000 r-xp 00000000 ca:01 396049                     /lib/x86_64-linux-gnu/libdl-2.19.so
7f7debda3000-7f7debfa2000 ---p 00003000 ca:01 396049                     /lib/x86_64-linux-gnu/libdl-2.19.so
7f7debfa2000-7f7debfa3000 r--p 00002000 ca:01 396049                     /lib/x86_64-linux-gnu/libdl-2.19.so
7f7debfa3000-7f7debfa4000 rw-p 00003000 ca:01 396049                     /lib/x86_64-linux-gnu/libdl-2.19.so
7f7debfa4000-7f7dec15f000 r-xp 00000000 ca:01 396040                     /lib/x86_64-linux-gnu/libc-2.19.so
7f7dec15f000-7f7dec35e000 ---p 001bb000 ca:01 396040                     /lib/x86_64-linux-gnu/libc-2.19.so
7f7dec35e000-7f7dec362000 r--p 001ba000 ca:01 396040                     /lib/x86_64-linux-gnu/libc-2.19.so
7f7dec362000-7f7dec364000 rw-p 001be000 ca:01 396040                     /lib/x86_64-linux-gnu/libc-2.19.so
7f7dec364000-7f7dec369000 rw-p 00000000 00:00 0 
7f7dec369000-7f7dec376000 r-xp 00000000 ca:01 143247                     /usr/lib/jvm/java-7-openjdk-amd64/jre/lib/amd64/jli/libjli.so
7f7dec376000-7f7dec575000 ---p 0000d000 ca:01 143247                     /usr/lib/jvm/java-7-openjdk-amd64/jre/lib/amd64/jli/libjli.so
7f7dec575000-7f7dec576000 r--p 0000c000 ca:01 143247                     /usr/lib/jvm/java-7-openjdk-amd64/jre/lib/amd64/jli/libjli.so
7f7dec576000-7f7dec577000 rw-p 0000d000 ca:01 143247                     /usr/lib/jvm/java-7-openjdk-amd64/jre/lib/amd64/jli/libjli.so
7f7dec577000-7f7dec59a000 r-xp 00000000 ca:01 396030                     /lib/x86_64-linux-gnu/ld-2.19.so
7f7dec5a7000-7f7dec68a000 rw-p 00000000 00:00 0 
7f7dec68a000-7f7dec740000 rw-p 00000000 00:00 0 
7f7dec740000-7f7dec748000 rw-p 00000000 00:00 0 
7f7dec748000-7f7dec74b000 ---p 00000000 00:00 0 
7f7dec74b000-7f7dec78e000 rw-p 00000000 00:00 0                          [stack:31802]
7f7dec793000-7f7dec796000 rw-p 00000000 00:00 0 
7f7dec796000-7f7dec797000 r--p 00000000 00:00 0 
7f7dec797000-7f7dec799000 rw-p 00000000 00:00 0 
7f7dec799000-7f7dec79a000 r--p 00022000 ca:01 396030                     /lib/x86_64-linux-gnu/ld-2.19.so
7f7dec79a000-7f7dec79b000 rw-p 00023000 ca:01 396030                     /lib/x86_64-linux-gnu/ld-2.19.so
7f7dec79b000-7f7dec79c000 rw-p 00000000 00:00 0 
7fffe4a48000-7fffe4a6a000 rw-p 00000000 00:00 0                          [stack]
7fffe4b27000-7fffe4b29000 r-xp 00000000 00:00 0                          [vdso]
ffffffffff600000-ffffffffff601000 r-xp 00000000 00:00 0                  [vsyscall]

VM Arguments:
jvm_args: -ea -javaagent:/usr/local/cassandra/lib/jamm-0.3.0.jar -XX:+CMSClassUnloadingEnabled -XX:+UseThreadPriorities -XX:ThreadPriorityPolicy=42 -Xms1995M -Xmx1995M -Xmn200M -XX:+HeapDumpOnOutOfMemoryError -Xss256k -XX:StringTableSize=1000003 -XX:+UseParNewGC -XX:+UseConcMarkSweepGC -XX:+CMSParallelRemarkEnabled -XX:SurvivorRatio=8 -XX:MaxTenuringThreshold=1 -XX:CMSInitiatingOccupancyFraction=75 -XX:+UseCMSInitiatingOccupancyOnly -XX:+UseTLAB -XX:+PerfDisableSharedMem -XX:CompileCommandFile=/usr/local/cassandra/conf/hotspot_compiler -XX:CMSWaitDuration=10000 -XX:+CMSParallelInitialMarkEnabled -XX:+CMSEdenChunksRecordAlways -XX:CMSWaitDuration=10000 -XX:+UseCondCardMark -Djava.net.preferIPv4Stack=true -Dcassandra.jmx.local.port=7199 -XX:+DisableExplicitGC -Djava.library.path=/usr/local/cassandra/lib/sigar-bin -Dlogback.configurationFile=logback.xml -Dcassandra.logdir=/usr/local/cassandra/logs -Dcassandra.storagedir=/usr/local/cassandra/data 
java_command: org.apache.cassandra.service.CassandraDaemon
Launcher Type: SUN_STANDARD

Environment Variables:
JAVA_HOME=/usr
PATH=/usr/local/sbin:/usr/local/bin:/usr/sbin:/usr/bin:/sbin:/bin:/usr/games:/usr/local/games:/usr/bin:/usr/local/hadoop/bin:/usr/local/spark/bin:/usr/local/cassandra/bin:/usr/local/elasticsearch/bin:/usr/local/storm/bin:/usr/local/hbase/bin
SHELL=/bin/bash
DISPLAY=localhost:10.0

Signal Handlers:
SIGSEGV: [libjvm.so+0x94bab0], sa_mask[0]=0x7ffbfeff, sa_flags=0x10000004
SIGBUS: [libjvm.so+0x94bab0], sa_mask[0]=0x7ffbfeff, sa_flags=0x10000004
SIGFPE: [libjvm.so+0x7c38b0], sa_mask[0]=0x7ffbfeff, sa_flags=0x10000004
SIGPIPE: [libjvm.so+0x7c38b0], sa_mask[0]=0x7ffbfeff, sa_flags=0x10000004
SIGXFSZ: [libjvm.so+0x7c38b0], sa_mask[0]=0x7ffbfeff, sa_flags=0x10000004
SIGILL: [libjvm.so+0x7c38b0], sa_mask[0]=0x7ffbfeff, sa_flags=0x10000004
SIGUSR1: SIG_DFL, sa_mask[0]=0x00000000, sa_flags=0x00000000
SIGUSR2: [libjvm.so+0x7c3750], sa_mask[0]=0x00000000, sa_flags=0x10000004
SIGHUP: SIG_DFL, sa_mask[0]=0x00000000, sa_flags=0x00000000
SIGINT: SIG_IGN, sa_mask[0]=0x00000000, sa_flags=0x00000000
SIGTERM: SIG_DFL, sa_mask[0]=0x00000000, sa_flags=0x00000000
SIGQUIT: SIG_IGN, sa_mask[0]=0x00000000, sa_flags=0x00000000
SIGTRAP: SIG_DFL, sa_mask[0]=0x00000000, sa_flags=0x00000000


---------------  S Y S T E M  ---------------

OS:Ubuntu 14.04 (trusty)
uname:Linux 3.13.0-48-generic #80-Ubuntu SMP Thu Mar 12 11:16:15 UTC 2015 x86_64
libc:glibc 2.19 NPTL 2.19 
rlimit: STACK 8192k, CORE 0k, NPROC 63794, NOFILE 4096, AS infinity
load average:1.18 1.34 0.73

/proc/meminfo:
MemTotal:        8175600 kB
MemFree:          205196 kB
Buffers:           72772 kB
Cached:          1519840 kB
SwapCached:            0 kB
Active:          6777932 kB
Inactive:         980404 kB
Active(anon):    6165980 kB
Inactive(anon):      340 kB
Active(file):     611952 kB
Inactive(file):   980064 kB
Unevictable:           0 kB
Mlocked:               0 kB
SwapTotal:             0 kB
SwapFree:              0 kB
Dirty:               244 kB
Writeback:             0 kB
AnonPages:       6165908 kB
Mapped:           119368 kB
Shmem:               424 kB
Slab:             107148 kB
SReclaimable:      82800 kB
SUnreclaim:        24348 kB
KernelStack:        7304 kB
PageTables:        21252 kB
NFS_Unstable:          0 kB
Bounce:                0 kB
WritebackTmp:          0 kB
CommitLimit:     4087800 kB
Committed_AS:    8963776 kB
VmallocTotal:   34359738367 kB
VmallocUsed:       18284 kB
VmallocChunk:   34359713740 kB
HardwareCorrupted:     0 kB
AnonHugePages:   4802560 kB
HugePages_Total:       0
HugePages_Free:        0
HugePages_Rsvd:        0
HugePages_Surp:        0
Hugepagesize:       2048 kB
DirectMap4k:       67584 kB
DirectMap2M:     8452096 kB


CPU:total 2 (1 cores per cpu, 2 threads per core) family 6 model 63 stepping 2, cmov, cx8, fxsr, mmx, sse, sse2, sse3, ssse3, sse4.1, sse4.2, popcnt, avx, avx2, aes, erms, ht, tsc

/proc/cpuinfo:
processor	: 0
vendor_id	: GenuineIntel
cpu family	: 6
model		: 63
model name	: Intel(R) Xeon(R) CPU E5-2676 v3 @ 2.40GHz
stepping	: 2
microcode	: 0x25
cpu MHz		: 2400.064
cache size	: 30720 KB
physical id	: 0
siblings	: 2
core id		: 0
cpu cores	: 1
apicid		: 0
initial apicid	: 0
fpu		: yes
fpu_exception	: yes
cpuid level	: 13
wp		: yes
flags		: fpu vme de pse tsc msr pae mce cx8 apic sep mtrr pge mca cmov pat pse36 clflush mmx fxsr sse sse2 ht syscall nx rdtscp lm constant_tsc rep_good nopl xtopology eagerfpu pni pclmulqdq ssse3 fma cx16 pcid sse4_1 sse4_2 x2apic movbe popcnt tsc_deadline_timer aes xsave avx f16c rdrand hypervisor lahf_lm abm xsaveopt fsgsbase bmi1 avx2 smep bmi2 erms invpcid
bogomips	: 4800.12
clflush size	: 64
cache_alignment	: 64
address sizes	: 46 bits physical, 48 bits virtual
power management:

processor	: 1
vendor_id	: GenuineIntel
cpu family	: 6
model		: 63
model name	: Intel(R) Xeon(R) CPU E5-2676 v3 @ 2.40GHz
stepping	: 2
microcode	: 0x25
cpu MHz		: 2400.064
cache size	: 30720 KB
physical id	: 0
siblings	: 2
core id		: 0
cpu cores	: 1
apicid		: 1
initial apicid	: 1
fpu		: yes
fpu_exception	: yes
cpuid level	: 13
wp		: yes
flags		: fpu vme de pse tsc msr pae mce cx8 apic sep mtrr pge mca cmov pat pse36 clflush mmx fxsr sse sse2 ht syscall nx rdtscp lm constant_tsc rep_good nopl xtopology eagerfpu pni pclmulqdq ssse3 fma cx16 pcid sse4_1 sse4_2 x2apic movbe popcnt tsc_deadline_timer aes xsave avx f16c rdrand hypervisor lahf_lm abm xsaveopt fsgsbase bmi1 avx2 smep bmi2 erms invpcid
bogomips	: 4800.12
clflush size	: 64
cache_alignment	: 64
address sizes	: 46 bits physical, 48 bits virtual
power management:



Memory: 4k page, physical 8175600k(205196k free), swap 0k(0k free)

vm_info: OpenJDK 64-Bit Server VM (24.79-b02) for linux-amd64 JRE (1.7.0_79-b14), built on Jul 24 2015 08:15:54 by "buildd" with gcc 4.8.2

time: Sat Oct  3 18:20:55 2015
elapsed time: 0 seconds

